
blink.elf:     file format elf32-avr

Sections:
Idx Name          Size      VMA       LMA       File off  Algn
  0 .text         00000056  00000000  00000000  00000054  2**1
                  CONTENTS, ALLOC, LOAD, READONLY, CODE
  1 .stab         00000a80  00000000  00000000  000000ac  2**2
                  CONTENTS, READONLY, DEBUGGING
  2 .stabstr      0000081c  00000000  00000000  00000b2c  2**0
                  CONTENTS, READONLY, DEBUGGING

Disassembly of section .text:

00000000 <__vectors>:
   0:	0e c0       	rjmp	.+28     	; 0x1e <__ctors_end>
   2:	15 c0       	rjmp	.+42     	; 0x2e <__bad_interrupt>
   4:	14 c0       	rjmp	.+40     	; 0x2e <__bad_interrupt>
   6:	13 c0       	rjmp	.+38     	; 0x2e <__bad_interrupt>
   8:	12 c0       	rjmp	.+36     	; 0x2e <__bad_interrupt>
   a:	11 c0       	rjmp	.+34     	; 0x2e <__bad_interrupt>
   c:	10 c0       	rjmp	.+32     	; 0x2e <__bad_interrupt>
   e:	0f c0       	rjmp	.+30     	; 0x2e <__bad_interrupt>
  10:	0e c0       	rjmp	.+28     	; 0x2e <__bad_interrupt>
  12:	0d c0       	rjmp	.+26     	; 0x2e <__bad_interrupt>
  14:	0c c0       	rjmp	.+24     	; 0x2e <__bad_interrupt>
  16:	0b c0       	rjmp	.+22     	; 0x2e <__bad_interrupt>
  18:	0a c0       	rjmp	.+20     	; 0x2e <__bad_interrupt>
  1a:	09 c0       	rjmp	.+18     	; 0x2e <__bad_interrupt>
  1c:	08 c0       	rjmp	.+16     	; 0x2e <__bad_interrupt>

0000001e <__ctors_end>:
  1e:	11 24       	eor	r1, r1
  20:	1f be       	out	0x3f, r1	; 63
  22:	cf e5       	ldi	r28, 0x5F	; 95
  24:	d2 e0       	ldi	r29, 0x02	; 2
  26:	de bf       	out	0x3e, r29	; 62
  28:	cd bf       	out	0x3d, r28	; 61
  2a:	04 d0       	rcall	.+8      	; 0x34 <main>
  2c:	12 c0       	rjmp	.+36     	; 0x52 <_exit>

0000002e <__bad_interrupt>:
  2e:	e8 cf       	rjmp	.-48     	; 0x0 <__vectors>

00000030 <setup>:

#define F_CPU 16000000UL
//#define F_CPU 8000000

void setup(){
DDRB |= (1 << PB1);
  30:	b9 9a       	sbi	0x17, 1	; 23
}
  32:	08 95       	ret

00000034 <main>:

#define F_CPU 16000000UL
//#define F_CPU 8000000

void setup(){
DDRB |= (1 << PB1);
  34:	b9 9a       	sbi	0x17, 1	; 23
int main(){
setup();

while (1)
{
	PORTB ^= (1 << PB1);
  36:	92 e0       	ldi	r25, 0x02	; 2
  38:	88 b3       	in	r24, 0x18	; 24
  3a:	89 27       	eor	r24, r25
  3c:	88 bb       	out	0x18, r24	; 24
	#else
		//round up by default
		__ticks_dc = (uint32_t)(ceil(fabs(__tmp)));
	#endif

	__builtin_avr_delay_cycles(__ticks_dc);
  3e:	2f e9       	ldi	r18, 0x9F	; 159
  40:	36 e8       	ldi	r19, 0x86	; 134
  42:	41 e0       	ldi	r20, 0x01	; 1
  44:	21 50       	subi	r18, 0x01	; 1
  46:	30 40       	sbci	r19, 0x00	; 0
  48:	40 40       	sbci	r20, 0x00	; 0
  4a:	e1 f7       	brne	.-8      	; 0x44 <__SREG__+0x5>
  4c:	00 c0       	rjmp	.+0      	; 0x4e <__SREG__+0xf>
  4e:	00 00       	nop
  50:	f3 cf       	rjmp	.-26     	; 0x38 <main+0x4>

00000052 <_exit>:
  52:	f8 94       	cli

00000054 <__stop_program>:
  54:	ff cf       	rjmp	.-2      	; 0x54 <__stop_program>
